<?xml version="1.0" encoding="UTF-8"?>
<!-- Generated by org.testng.reporters.JUnitReportReporter -->
<testsuite skipped="0" hostname="admin-PC" name="String_Programs.Remove_WhiteSpaces" tests="1" failures="0" timestamp="13 May 2020 07:04:48 GMT" time="0.023" errors="0">
  <testcase name="openApp" time="0.023" classname="String_Programs.Remove_WhiteSpaces"/>
</testsuite> <!-- String_Programs.Remove_WhiteSpaces -->
