<?xml version="1.0" encoding="UTF-8"?>
<!-- Generated by org.testng.reporters.JUnitReportReporter -->
<testsuite skipped="0" hostname="admin-PC" name="String_Programs.Verify_Strinng_Contains_Integer" tests="1" failures="0" timestamp="12 May 2020 06:29:04 GMT" time="0.023" errors="0">
  <testcase name="app" time="0.023" classname="String_Programs.Verify_Strinng_Contains_Integer"/>
</testsuite> <!-- String_Programs.Verify_Strinng_Contains_Integer -->
