<?xml version="1.0" encoding="UTF-8"?>
<!-- Generated by org.testng.reporters.JUnitReportReporter -->
<testsuite skipped="0" hostname="admin-PC" name="String_Programs.Verify_String_Unique" tests="1" failures="0" timestamp="13 May 2020 05:29:04 GMT" time="0.021" errors="0">
  <testcase name="app" time="0.021" classname="String_Programs.Verify_String_Unique"/>
</testsuite> <!-- String_Programs.Verify_String_Unique -->
