<?xml version="1.0" encoding="UTF-8"?>
<!-- Generated by org.testng.reporters.JUnitReportReporter -->
<testsuite skipped="0" hostname="admin-PC" name="String_Programs.Find_Length_Without_Inbuilt_Method" tests="1" failures="0" timestamp="11 May 2020 11:10:21 GMT" time="0.019" errors="0">
  <testcase name="findLength" time="0.019" classname="String_Programs.Find_Length_Without_Inbuilt_Method"/>
</testsuite> <!-- String_Programs.Find_Length_Without_Inbuilt_Method -->
