<?xml version="1.0" encoding="UTF-8"?>
<!-- Generated by org.testng.reporters.JUnitReportReporter -->
<testsuite skipped="0" hostname="admin-PC" name="String_Programs.Verify_Rotational_String" tests="1" failures="0" timestamp="13 May 2020 07:30:52 GMT" time="0.023" errors="0">
  <testcase name="openApp" time="0.023" classname="String_Programs.Verify_Rotational_String"/>
</testsuite> <!-- String_Programs.Verify_Rotational_String -->
