<?xml version="1.0" encoding="UTF-8"?>
<!-- Generated by org.testng.reporters.JUnitReportReporter -->
<testsuite skipped="1" hostname="admin-PC" name="String_Programs.Reverse_String" tests="2" failures="0" timestamp="12 May 2020 04:34:44 GMT" time="0.020" errors="0">
  <testcase name="app" time="0.020" classname="String_Programs.Reverse_String"/>
  <testcase name="batch1" classname="String_Programs.Reverse_String">
    <skipped/>
  </testcase> <!-- batch1 -->
</testsuite> <!-- String_Programs.Reverse_String -->
