<?xml version="1.0" encoding="UTF-8"?>
<!-- Generated by org.testng.reporters.JUnitReportReporter -->
<testsuite skipped="1" hostname="admin-PC" name="String_Programs.Swap_Two_Strings" tests="2" failures="0" timestamp="15 May 2020 10:40:15 GMT" time="0.022" errors="0">
  <testcase name="app" time="0.022" classname="String_Programs.Swap_Two_Strings"/>
  <testcase name="openApp" classname="String_Programs.Swap_Two_Strings">
    <skipped/>
  </testcase> <!-- openApp -->
</testsuite> <!-- String_Programs.Swap_Two_Strings -->
