<?xml version="1.0" encoding="UTF-8"?>
<!-- Generated by org.testng.reporters.JUnitReportReporter -->
<testsuite skipped="0" hostname="admin-PC" name="String_Programs.Delete_Occurance_char" tests="1" failures="0" timestamp="13 May 2020 07:36:18 GMT" time="0.018" errors="0">
  <testcase name="openApp" time="0.018" classname="String_Programs.Delete_Occurance_char"/>
</testsuite> <!-- String_Programs.Delete_Occurance_char -->
