<?xml version="1.0" encoding="UTF-8"?>
<!-- Generated by org.testng.reporters.JUnitReportReporter -->
<testsuite skipped="0" hostname="admin-PC" name="String_Programs.Max_Occuring_Char" tests="1" failures="0" timestamp="13 May 2020 06:30:42 GMT" time="0.022" errors="0">
  <testcase name="openApp" time="0.022" classname="String_Programs.Max_Occuring_Char"/>
</testsuite> <!-- String_Programs.Max_Occuring_Char -->
