<?xml version="1.0" encoding="UTF-8"?>
<!-- Generated by org.testng.reporters.JUnitReportReporter -->
<testsuite skipped="0" hostname="admin-PC" name="String_Programs.Print_Repeated_char" tests="1" failures="0" timestamp="13 May 2020 05:59:36 GMT" time="0.024" errors="0">
  <testcase name="openApp" time="0.024" classname="String_Programs.Print_Repeated_char"/>
</testsuite> <!-- String_Programs.Print_Repeated_char -->
