<?xml version="1.0" encoding="UTF-8"?>
<!-- Generated by org.testng.reporters.JUnitReportReporter -->
<testsuite skipped="0" hostname="admin-PC" name="String_Programs.Anagram" tests="1" failures="0" timestamp="12 May 2020 07:03:45 GMT" time="0.020" errors="0">
  <testcase name="app" time="0.020" classname="String_Programs.Anagram"/>
</testsuite> <!-- String_Programs.Anagram -->
