<?xml version="1.0" encoding="UTF-8"?>
<!-- Generated by org.testng.reporters.JUnitReportReporter -->
<testsuite skipped="0" hostname="admin-PC" name="String_Programs.Count_Number_of_Words" tests="1" failures="0" timestamp="13 May 2020 07:22:55 GMT" time="0.020" errors="0">
  <testcase name="openApp" time="0.020" classname="String_Programs.Count_Number_of_Words"/>
</testsuite> <!-- String_Programs.Count_Number_of_Words -->
