<?xml version="1.0" encoding="UTF-8"?>
<!-- Generated by org.testng.reporters.JUnitReportReporter -->
<testsuite skipped="0" hostname="admin-PC" name="String_Programs.Palindrome" tests="1" failures="0" timestamp="12 May 2020 04:53:06 GMT" time="0.022" errors="0">
  <testcase name="openApp" time="0.022" classname="String_Programs.Palindrome"/>
</testsuite> <!-- String_Programs.Palindrome -->
