<?xml version="1.0" encoding="UTF-8"?>
<!-- Generated by org.testng.reporters.JUnitReportReporter -->
<testsuite skipped="0" hostname="admin-PC" name="String_Programs.Copy_String" tests="1" failures="0" timestamp="11 May 2020 11:46:30 GMT" time="0.021" errors="0">
  <testcase name="batch" time="0.021" classname="String_Programs.Copy_String"/>
</testsuite> <!-- String_Programs.Copy_String -->
