<?xml version="1.0" encoding="UTF-8"?>
<!-- Generated by org.testng.reporters.JUnitReportReporter -->
<testsuite skipped="0" hostname="admin-PC" name="String_Programs.Lower_UpperCase" tests="1" failures="0" timestamp="12 May 2020 05:10:42 GMT" time="0.021" errors="0">
  <testcase name="app" time="0.021" classname="String_Programs.Lower_UpperCase"/>
</testsuite> <!-- String_Programs.Lower_UpperCase -->
