<?xml version="1.0" encoding="UTF-8"?>
<!-- Generated by org.testng.reporters.JUnitReportReporter -->
<testsuite skipped="0" hostname="admin-PC" name="String_Programs.Count_Ovels_Cnsnt_Spcl" tests="1" failures="0" timestamp="12 May 2020 05:45:42 GMT" time="0.023" errors="0">
  <testcase name="Open" time="0.023" classname="String_Programs.Count_Ovels_Cnsnt_Spcl"/>
</testsuite> <!-- String_Programs.Count_Ovels_Cnsnt_Spcl -->
